[0mGET / [33m404 [0m8.622 ms - 13[0m
[0mGET /messages [36m302 [0m10.403 ms - 35[0m
[0mGET /messages [36m302 [0m1.790 ms - 35[0m
[0mGET /messages [36m302 [0m10.995 ms - 35[0m
[0mGET /messages [36m302 [0m10.484 ms - 35[0m
[0mGET /messages [36m302 [0m1.815 ms - 35[0m
[0mGET /messages [36m302 [0m11.920 ms - 35[0m
[0mGET /messages [36m302 [0m10.698 ms - 35[0m
[0mGET /messages [32m200 [0m20.678 ms - 2[0m
[0mGET /messages [36m304 [0m17.423 ms - -[0m
[0mPOST /signup [31m500 [0m11.429 ms - 1294[0m
[0mPOST /signup [31m500 [0m10.246 ms - 1294[0m
[0mGET /signup [33m404 [0m9.565 ms - 19[0m
[0mPOST /signup [32m200 [0m505.212 ms - 17[0m
[0mPOST /signup [32m200 [0m253.919 ms - 17[0m
[0mGET /messages [36m304 [0m8.560 ms - -[0m
[0mPOST /login [36m302 [0m246.453 ms - 58[0m
[0mGET /messages [36m304 [0m3.033 ms - -[0m
[0mPOST /login [36m302 [0m257.454 ms - 58[0m
[0mPOST /login [36m302 [0m254.215 ms - 58[0m
[0mPOST /signup [33m401 [0m4.048 ms - -[0m
[0mGET /messages [31m500 [0m21.391 ms - 1272[0m
[0mGET /messages [31m500 [0m11.639 ms - 1272[0m
[0mGET /messages [31m500 [0m12.043 ms - 1272[0m
[0mGET /messages [31m500 [0m12.087 ms - 1272[0m
[0mGET /messages [31m500 [0m12.627 ms - 1272[0m
[0mGET /messages [31m500 [0m11.996 ms - 1272[0m
[0mPOST /login [36m302 [0m270.318 ms - 58[0m
[0mGET /messages [32m200 [0m8.991 ms - 13[0m
[0mPOST /signup [32m200 [0m264.086 ms - 17[0m
[0mGET /messages [36m304 [0m5.442 ms - -[0m
[0mPOST /login [36m302 [0m272.036 ms - 58[0m
[0mGET /messages [32m200 [0m24.039 ms - 296[0m
[0mGET /messages [31m500 [0m11.240 ms - 1272[0m
[0mGET /messages [31m500 [0m2.556 ms - 1272[0m
[0mGET /messages [31m500 [0m1.198 ms - 1272[0m
[0mPOST /login [36m302 [0m271.205 ms - 58[0m
[0mGET /messages [32m200 [0m18.071 ms - 296[0m
[0mGET /messages [31m500 [0m11.579 ms - 1272[0m
[0mGET /messages [31m500 [0m2.529 ms - 1272[0m
[0mGET /messages [31m500 [0m1.145 ms - 1272[0m
[0mPOST /login [36m302 [0m275.503 ms - 58[0m
[0mGET /messages [32m200 [0m18.431 ms - 296[0m
[0mPOST /login [36m302 [0m273.353 ms - 58[0m
[0mGET /messages [32m200 [0m19.998 ms - 288[0m
[0mGET /messages [31m500 [0m12.212 ms - 1272[0m
[0mPOST /login [36m302 [0m262.635 ms - 58[0m
[0mGET /messages [32m200 [0m18.706 ms - 413[0m
[0mGET /messages [31m500 [0m10.580 ms - 1272[0m
[0mPOST /login [36m302 [0m268.544 ms - 58[0m
[0mPOST /login [36m302 [0m272.763 ms - 58[0m
[0mGET /messages [32m200 [0m20.188 ms - 650[0m
[0mPOST /login [36m302 [0m273.275 ms - 58[0m
[0mGET /messages [36m304 [0m18.969 ms - -[0m
[0mPOST /login [36m302 [0m247.856 ms - 58[0m
[0mGET /messages [36m304 [0m10.063 ms - -[0m
[0mGET /messages [31m500 [0m20.157 ms - 1272[0m
[0mGET /messages [31m500 [0m10.678 ms - 1272[0m
[0mPOST /login [36m302 [0m263.549 ms - 58[0m
[0mGET /messages [32m200 [0m20.115 ms - 694[0m
[0mGET /messages [36m304 [0m6.852 ms - -[0m
[0mPOST /login [36m302 [0m247.853 ms - 58[0m
[0mGET /messages [36m304 [0m5.947 ms - -[0m
[0mPOST /messages [32m200 [0m29.699 ms - 2[0m
[0mPOST /login [36m302 [0m251.024 ms - 58[0m
[0mGET /messages [32m200 [0m9.583 ms - 694[0m
[0mPOST /messages [36m302 [0m10.650 ms - 35[0m
[0mPOST /messages [36m302 [0m10.657 ms - 35[0m
[0mPOST /messages [36m302 [0m1.706 ms - 35[0m
[0mGET /messages [31m500 [0m10.858 ms - 1272[0m
[0mPOST /login [36m302 [0m267.789 ms - 58[0m
[0mGET /messages [32m200 [0m17.594 ms - 694[0m
[0mPOST /messages [32m200 [0m4.070 ms - 7[0m
[0mPOST /messages [36m302 [0m10.351 ms - 35[0m
[0mPOST /login [36m302 [0m271.800 ms - 58[0m
[0mGET /messages [32m200 [0m17.783 ms - 694[0m
[0mPOST /messages [36m302 [0m10.382 ms - 35[0m
[0mPOST /login [36m302 [0m261.649 ms - 58[0m
[0mGET /messages [32m200 [0m18.595 ms - 694[0m
[0mPOST /messages [32m200 [0m13.991 ms - 2[0m
[0mGET /messages [31m500 [0m11.055 ms - 1272[0m
[0mGET /messages [31m500 [0m11.183 ms - 1272[0m
[0mPOST /login [36m302 [0m276.607 ms - 58[0m
[0mGET /messages [32m200 [0m15.799 ms - 694[0m
[0mPOST /messages [32m200 [0m16.587 ms - 2[0m
[0mPOST /messages [36m302 [0m11.427 ms - 35[0m
[0mGET /messages [31m500 [0m11.745 ms - 1272[0m
[0mPOST /login [36m302 [0m262.586 ms - 58[0m
[0mGET /messages [32m200 [0m15.630 ms - 694[0m
[0mPOST /messages [32m200 [0m14.729 ms - 2[0m
[0mGET /messages [31m500 [0m10.562 ms - 1272[0m
[0mPOST /login [36m302 [0m268.306 ms - 58[0m
[0mGET /messages [32m200 [0m15.836 ms - 734[0m
[0mPOST /login [36m302 [0m269.055 ms - 58[0m
[0mGET /messages [31m500 [0m11.180 ms - 1272[0m
[0mPOST /login [36m302 [0m262.502 ms - 58[0m
[0mGET /messages [32m200 [0m17.386 ms - 734[0m
[0mPOST /messages [31m500 [0m3.350 ms - 1397[0m
[0mPOST /login [36m302 [0m280.071 ms - 58[0m
[0mGET /messages [36m304 [0m19.838 ms - -[0m
[0mPOST /messages [31m500 [0m3.902 ms - 1397[0m
[0mPOST /login [36m302 [0m272.151 ms - 58[0m
[0mGET /messages [36m304 [0m18.236 ms - -[0m
[0mPOST /messages [31m500 [0m4.290 ms - 1397[0m
[0mPOST /login [36m302 [0m266.618 ms - 58[0m
[0mGET /messages [36m304 [0m17.535 ms - -[0m
[0mPOST /messages [31m500 [0m3.708 ms - 1397[0m
[0mPOST /login [36m302 [0m270.452 ms - 58[0m
[0mGET /messages [36m304 [0m17.856 ms - -[0m
[0mPOST /messages [31m500 [0m6.230 ms - 1397[0m
[0mPOST /login [36m302 [0m268.328 ms - 58[0m
[0mGET /messages [36m304 [0m17.632 ms - -[0m
[0mPOST /messages [31m500 [0m5.892 ms - 1397[0m
[0mPOST /messages [36m302 [0m12.168 ms - 35[0m
[0mPOST /login [36m302 [0m267.926 ms - 58[0m
[0mGET /messages [32m200 [0m16.602 ms - 734[0m
[0mPOST /messages [31m500 [0m4.322 ms - 1397[0m
[0mPOST /messages [31m500 [0m3.686 ms - 1397[0m
[0mPOST /login [36m302 [0m271.240 ms - 58[0m
[0mGET /messages [36m304 [0m18.455 ms - -[0m
[0mPOST /messages [31m500 [0m6.199 ms - 1397[0m
[0mPOST /login [36m302 [0m269.075 ms - 58[0m
[0mGET /messages [32m200 [0m17.797 ms - 731[0m
[0mPOST /messages [36m302 [0m12.345 ms - 35[0m
[0mPOST /login [36m302 [0m264.488 ms - 58[0m
[0mGET /messages [32m200 [0m15.643 ms - 731[0m
[0mPOST /messages [31m500 [0m4.693 ms - 1397[0m
[0mPOST /login [36m302 [0m279.078 ms - 58[0m
[0mGET /messages [36m304 [0m18.800 ms - -[0m
[0mPOST /messages [31m500 [0m4.100 ms - 1397[0m
[0mPOST /login [36m302 [0m268.956 ms - 58[0m
[0mGET /messages [36m304 [0m18.024 ms - -[0m
[0mPOST /messages [31m500 [0m3.601 ms - 1397[0m
[0mPOST /login [36m302 [0m274.456 ms - 58[0m
[0mGET /messages [36m304 [0m17.603 ms - -[0m
[0mPOST /messages [31m500 [0m3.763 ms - 1397[0m
[0mPOST /login [36m302 [0m270.002 ms - 58[0m
[0mPOST /login [36m302 [0m256.226 ms - 58[0m
[0mGET /messages [36m304 [0m15.962 ms - -[0m
[0mPOST /messages [31m500 [0m4.508 ms - 1397[0m
[0mPOST /login [36m302 [0m271.691 ms - 58[0m
[0mGET /messages [36m304 [0m17.466 ms - -[0m
[0mPOST /messages [31m500 [0m4.156 ms - 1397[0m
[0mPOST /login [36m302 [0m276.564 ms - 58[0m
[0mGET /messages [36m304 [0m17.419 ms - -[0m
[0mPOST /messages [31m500 [0m4.082 ms - 1397[0m
[0mPOST /login [36m302 [0m274.644 ms - 58[0m
[0mGET /messages [36m304 [0m19.380 ms - -[0m
[0mPOST /messages [31m500 [0m3.986 ms - 1397[0m
[0mPOST /login [36m302 [0m275.161 ms - 58[0m
[0mGET /messages [36m304 [0m21.132 ms - -[0m
[0mPOST /messages [31m500 [0m4.137 ms - 1397[0m
[0mPOST /login [36m302 [0m267.509 ms - 58[0m
[0mGET /messages [36m304 [0m19.758 ms - -[0m
[0mPOST /messages [31m500 [0m5.542 ms - 1267[0m
[0mPOST /messages [36m302 [0m12.108 ms - 35[0m
[0mPOST /login [36m302 [0m268.870 ms - 58[0m
[0mGET /messages [32m200 [0m16.038 ms - 731[0m
[0mPOST /messages [31m500 [0m9.293 ms - 1216[0m
[0mPOST /login [36m302 [0m275.089 ms - 58[0m
[0mGET /messages [36m304 [0m17.407 ms - -[0m
[0mPOST /messages [31m500 [0m5.449 ms - 1397[0m
[0mPOST /login [36m302 [0m272.131 ms - 58[0m
[0mGET /messages [36m304 [0m17.674 ms - -[0m
[0mGET /messages [31m500 [0m11.069 ms - 1272[0m
[0mPOST /login [36m302 [0m265.282 ms - 58[0m
[0mGET /messages [32m200 [0m16.587 ms - 731[0m
[0mPOST /messages [32m200 [0m13.545 ms - 133[0m
[0mPOST /messages [32m200 [0m5.444 ms - 136[0m
[0mPOST /login [36m302 [0m267.303 ms - 58[0m
[0mGET /messages [32m200 [0m18.896 ms - 730[0m
[0mPOST /login [36m302 [0m277.225 ms - 58[0m
[0mGET /messages [32m200 [0m16.259 ms - 730[0m
[0mPOST /login [36m302 [0m250.915 ms - 58[0m
[0mGET /messages [36m304 [0m7.730 ms - -[0m
[0mPOST /login [36m302 [0m283.612 ms - 58[0m
[0mGET /messages [36m304 [0m14.939 ms - -[0m
[0mPOST /messages [32m200 [0m11.873 ms - 151[0m
[0mPOST /login [36m302 [0m253.250 ms - 58[0m
[0mGET /messages [32m200 [0m8.017 ms - 940[0m
